Analysis & Synthesis report for top
Fri Sep 19 20:46:08 2025
Quartus Prime Version 18.1.0 Build 625 09/12/2018 SJ Lite Edition


---------------------
; Table of Contents ;
---------------------
  1. Legal Notice
  2. Analysis & Synthesis Summary
  3. Analysis & Synthesis Settings
  4. Parallel Compilation
  5. Analysis & Synthesis Source Files Read
  6. Analysis & Synthesis Resource Usage Summary
  7. Analysis & Synthesis Resource Utilization by Entity
  8. General Register Statistics
  9. Multiplexer Restructuring Statistics (Restructuring Performed)
 10. Parameter Settings for User Entity Instance: processor:proc|data_path:dp|flop_r:Freg
 11. Parameter Settings for User Entity Instance: processor:proc|data_path:dp|mux_4:PCmux
 12. Parameter Settings for User Entity Instance: processor:proc|data_path:dp|mux_2:srcBmux
 13. Parameter Settings for User Entity Instance: processor:proc|data_path:dp|mux_4:rsltmux
 14. Parameter Settings for User Entity Instance: processor:proc|data_path:dp|adder_nb:PCplus4
 15. Parameter Settings for User Entity Instance: processor:proc|data_path:dp|adder_nb:PCplusbranch
 16. Parameter Settings for User Entity Instance: processor:proc|data_path:dp|alu:ALU|mux_2:mux1
 17. Parameter Settings for User Entity Instance: processor:proc|data_path:dp|alu:ALU|adder_nb:add1
 18. Parameter Settings for User Entity Instance: processor:proc|data_path:dp|alu:ALU|and_nb:and1
 19. Parameter Settings for User Entity Instance: processor:proc|data_path:dp|alu:ALU|or_nb:or1
 20. Parameter Settings for User Entity Instance: processor:proc|data_path:dp|alu:ALU|xor_nb:xor1
 21. Parameter Settings for User Entity Instance: processor:proc|data_path:dp|alu:ALU|shifter_l_l_nb:sll1
 22. Parameter Settings for User Entity Instance: processor:proc|data_path:dp|alu:ALU|shifter_r_l_nb:srl1
 23. Parameter Settings for User Entity Instance: processor:proc|data_path:dp|alu:ALU|shifter_r_a_nb:sra1
 24. Parameter Settings for User Entity Instance: processor:proc|data_path:dp|alu:ALU|mux_16:mux2
 25. Port Connectivity Checks: "processor:proc|data_path:dp|alu:ALU|mux_16:mux2"
 26. Port Connectivity Checks: "processor:proc|data_path:dp|adder_nb:PCplusbranch"
 27. Port Connectivity Checks: "processor:proc|data_path:dp|adder_nb:PCplus4"
 28. Port Connectivity Checks: "processor:proc|data_path:dp|mux_4:rsltmux"
 29. Port Connectivity Checks: "processor:proc|data_path:dp|mux_4:PCmux"
 30. Port Connectivity Checks: "processor:proc|data_path:dp|flop_r:Freg"
 31. Post-Synthesis Netlist Statistics for Top Partition
 32. Elapsed Time Per Partition
 33. Analysis & Synthesis Messages
 34. Analysis & Synthesis Suppressed Messages



----------------
; Legal Notice ;
----------------
Copyright (C) 2018  Intel Corporation. All rights reserved.
Your use of Intel Corporation's design tools, logic functions 
and other software and tools, and its AMPP partner logic 
functions, and any output files from any of the foregoing 
(including device programming or simulation files), and any 
associated documentation or information are expressly subject 
to the terms and conditions of the Intel Program License 
Subscription Agreement, the Intel Quartus Prime License Agreement,
the Intel FPGA IP License Agreement, or other applicable license
agreement, including, without limitation, that your use is for
the sole purpose of programming logic devices manufactured by
Intel and sold by Intel or its authorized distributors.  Please
refer to the applicable agreement for further details.



+-------------------------------------------------------------------------------+
; Analysis & Synthesis Summary                                                  ;
+---------------------------------+---------------------------------------------+
; Analysis & Synthesis Status     ; Successful - Fri Sep 19 20:46:08 2025       ;
; Quartus Prime Version           ; 18.1.0 Build 625 09/12/2018 SJ Lite Edition ;
; Revision Name                   ; top                                         ;
; Top-level Entity Name           ; top                                         ;
; Family                          ; Cyclone V                                   ;
; Logic utilization (in ALMs)     ; N/A                                         ;
; Total registers                 ; 3168                                        ;
; Total pins                      ; 4                                           ;
; Total virtual pins              ; 0                                           ;
; Total block memory bits         ; 0                                           ;
; Total DSP Blocks                ; 0                                           ;
; Total HSSI RX PCSs              ; 0                                           ;
; Total HSSI PMA RX Deserializers ; 0                                           ;
; Total HSSI TX PCSs              ; 0                                           ;
; Total HSSI PMA TX Serializers   ; 0                                           ;
; Total PLLs                      ; 0                                           ;
; Total DLLs                      ; 0                                           ;
+---------------------------------+---------------------------------------------+


+---------------------------------------------------------------------------------------------------------------------------+
; Analysis & Synthesis Settings                                                                                             ;
+---------------------------------------------------------------------------------+--------------------+--------------------+
; Option                                                                          ; Setting            ; Default Value      ;
+---------------------------------------------------------------------------------+--------------------+--------------------+
; Device                                                                          ; 5CSXFC6D6F31C6     ;                    ;
; Top-level entity name                                                           ; top                ; top                ;
; Family name                                                                     ; Cyclone V          ; Cyclone V          ;
; Use smart compilation                                                           ; Off                ; Off                ;
; Enable parallel Assembler and Timing Analyzer during compilation                ; On                 ; On                 ;
; Enable compact report table                                                     ; Off                ; Off                ;
; Restructure Multiplexers                                                        ; Auto               ; Auto               ;
; MLAB Add Timing Constraints For Mixed-Port Feed-Through Mode Setting Don't Care ; Off                ; Off                ;
; Create Debugging Nodes for IP Cores                                             ; Off                ; Off                ;
; Preserve fewer node names                                                       ; On                 ; On                 ;
; Intel FPGA IP Evaluation Mode                                                   ; Enable             ; Enable             ;
; Verilog Version                                                                 ; Verilog_2001       ; Verilog_2001       ;
; VHDL Version                                                                    ; VHDL_1993          ; VHDL_1993          ;
; State Machine Processing                                                        ; Auto               ; Auto               ;
; Safe State Machine                                                              ; Off                ; Off                ;
; Extract Verilog State Machines                                                  ; On                 ; On                 ;
; Extract VHDL State Machines                                                     ; On                 ; On                 ;
; Ignore Verilog initial constructs                                               ; Off                ; Off                ;
; Iteration limit for constant Verilog loops                                      ; 5000               ; 5000               ;
; Iteration limit for non-constant Verilog loops                                  ; 250                ; 250                ;
; Add Pass-Through Logic to Inferred RAMs                                         ; On                 ; On                 ;
; Infer RAMs from Raw Logic                                                       ; On                 ; On                 ;
; Parallel Synthesis                                                              ; On                 ; On                 ;
; DSP Block Balancing                                                             ; Auto               ; Auto               ;
; NOT Gate Push-Back                                                              ; On                 ; On                 ;
; Power-Up Don't Care                                                             ; On                 ; On                 ;
; Remove Redundant Logic Cells                                                    ; Off                ; Off                ;
; Remove Duplicate Registers                                                      ; On                 ; On                 ;
; Ignore CARRY Buffers                                                            ; Off                ; Off                ;
; Ignore CASCADE Buffers                                                          ; Off                ; Off                ;
; Ignore GLOBAL Buffers                                                           ; Off                ; Off                ;
; Ignore ROW GLOBAL Buffers                                                       ; Off                ; Off                ;
; Ignore LCELL Buffers                                                            ; Off                ; Off                ;
; Ignore SOFT Buffers                                                             ; On                 ; On                 ;
; Limit AHDL Integers to 32 Bits                                                  ; Off                ; Off                ;
; Optimization Technique                                                          ; Balanced           ; Balanced           ;
; Carry Chain Length                                                              ; 70                 ; 70                 ;
; Auto Carry Chains                                                               ; On                 ; On                 ;
; Auto Open-Drain Pins                                                            ; On                 ; On                 ;
; Perform WYSIWYG Primitive Resynthesis                                           ; Off                ; Off                ;
; Auto ROM Replacement                                                            ; On                 ; On                 ;
; Auto RAM Replacement                                                            ; On                 ; On                 ;
; Auto DSP Block Replacement                                                      ; On                 ; On                 ;
; Auto Shift Register Replacement                                                 ; Auto               ; Auto               ;
; Allow Shift Register Merging across Hierarchies                                 ; Auto               ; Auto               ;
; Auto Clock Enable Replacement                                                   ; On                 ; On                 ;
; Strict RAM Replacement                                                          ; Off                ; Off                ;
; Allow Synchronous Control Signals                                               ; On                 ; On                 ;
; Force Use of Synchronous Clear Signals                                          ; Off                ; Off                ;
; Auto Resource Sharing                                                           ; Off                ; Off                ;
; Allow Any RAM Size For Recognition                                              ; Off                ; Off                ;
; Allow Any ROM Size For Recognition                                              ; Off                ; Off                ;
; Allow Any Shift Register Size For Recognition                                   ; Off                ; Off                ;
; Use LogicLock Constraints during Resource Balancing                             ; On                 ; On                 ;
; Ignore translate_off and synthesis_off directives                               ; Off                ; Off                ;
; Timing-Driven Synthesis                                                         ; On                 ; On                 ;
; Report Parameter Settings                                                       ; On                 ; On                 ;
; Report Source Assignments                                                       ; On                 ; On                 ;
; Report Connectivity Checks                                                      ; On                 ; On                 ;
; Ignore Maximum Fan-Out Assignments                                              ; Off                ; Off                ;
; Synchronization Register Chain Length                                           ; 3                  ; 3                  ;
; Power Optimization During Synthesis                                             ; Normal compilation ; Normal compilation ;
; HDL message level                                                               ; Level2             ; Level2             ;
; Suppress Register Optimization Related Messages                                 ; Off                ; Off                ;
; Number of Removed Registers Reported in Synthesis Report                        ; 5000               ; 5000               ;
; Number of Swept Nodes Reported in Synthesis Report                              ; 5000               ; 5000               ;
; Number of Inverted Registers Reported in Synthesis Report                       ; 100                ; 100                ;
; Clock MUX Protection                                                            ; On                 ; On                 ;
; Auto Gated Clock Conversion                                                     ; Off                ; Off                ;
; Block Design Naming                                                             ; Auto               ; Auto               ;
; SDC constraint protection                                                       ; Off                ; Off                ;
; Synthesis Effort                                                                ; Auto               ; Auto               ;
; Shift Register Replacement - Allow Asynchronous Clear Signal                    ; On                 ; On                 ;
; Pre-Mapping Resynthesis Optimization                                            ; Off                ; Off                ;
; Analysis & Synthesis Message Level                                              ; Medium             ; Medium             ;
; Disable Register Merging Across Hierarchies                                     ; Auto               ; Auto               ;
; Resource Aware Inference For Block RAM                                          ; On                 ; On                 ;
; Automatic Parallel Synthesis                                                    ; On                 ; On                 ;
; Partial Reconfiguration Bitstream ID                                            ; Off                ; Off                ;
+---------------------------------------------------------------------------------+--------------------+--------------------+


+------------------------------------------+
; Parallel Compilation                     ;
+----------------------------+-------------+
; Processors                 ; Number      ;
+----------------------------+-------------+
; Number detected on machine ; 20          ;
; Maximum allowed            ; 14          ;
;                            ;             ;
; Average used               ; 1.00        ;
; Maximum used               ; 14          ;
;                            ;             ;
; Usage by Processor         ; % Time Used ;
;     Processor 1            ; 100.0%      ;
;     Processor 2            ;   0.0%      ;
;     Processor 3            ;   0.0%      ;
;     Processor 4            ;   0.0%      ;
;     Processor 5            ;   0.0%      ;
;     Processor 6            ;   0.0%      ;
;     Processor 7            ;   0.0%      ;
;     Processor 8            ;   0.0%      ;
;     Processors 9-14        ;   0.0%      ;
+----------------------------+-------------+


+---------------------------------------------------------------------------------------------------------------------------------------------------------------------+
; Analysis & Synthesis Source Files Read                                                                                                                              ;
+----------------------------------+-----------------+------------------------------+-----------------------------------------------------------------------+---------+
; File Name with User-Entered Path ; Used in Netlist ; File Type                    ; File Name with Absolute Path                                          ; Library ;
+----------------------------------+-----------------+------------------------------+-----------------------------------------------------------------------+---------+
; 00_src/xor_nb.sv                 ; yes             ; User SystemVerilog HDL File  ; C:/RISC-V_Single-cycle_Processor_Quartus/top/00_src/xor_nb.sv         ;         ;
; 00_src/top.sv                    ; yes             ; User SystemVerilog HDL File  ; C:/RISC-V_Single-cycle_Processor_Quartus/top/00_src/top.sv            ;         ;
; 00_src/shifter_r_l_nb.sv         ; yes             ; User SystemVerilog HDL File  ; C:/RISC-V_Single-cycle_Processor_Quartus/top/00_src/shifter_r_l_nb.sv ;         ;
; 00_src/shifter_r_a_nb.sv         ; yes             ; User SystemVerilog HDL File  ; C:/RISC-V_Single-cycle_Processor_Quartus/top/00_src/shifter_r_a_nb.sv ;         ;
; 00_src/shifter_l_l_nb.sv         ; yes             ; User SystemVerilog HDL File  ; C:/RISC-V_Single-cycle_Processor_Quartus/top/00_src/shifter_l_l_nb.sv ;         ;
; 00_src/reg_file.sv               ; yes             ; User SystemVerilog HDL File  ; C:/RISC-V_Single-cycle_Processor_Quartus/top/00_src/reg_file.sv       ;         ;
; 00_src/processor.sv              ; yes             ; User SystemVerilog HDL File  ; C:/RISC-V_Single-cycle_Processor_Quartus/top/00_src/processor.sv      ;         ;
; 00_src/or_nb.sv                  ; yes             ; User SystemVerilog HDL File  ; C:/RISC-V_Single-cycle_Processor_Quartus/top/00_src/or_nb.sv          ;         ;
; 00_src/mux_16.sv                 ; yes             ; User SystemVerilog HDL File  ; C:/RISC-V_Single-cycle_Processor_Quartus/top/00_src/mux_16.sv         ;         ;
; 00_src/mux_4.sv                  ; yes             ; User SystemVerilog HDL File  ; C:/RISC-V_Single-cycle_Processor_Quartus/top/00_src/mux_4.sv          ;         ;
; 00_src/mux_2.sv                  ; yes             ; User SystemVerilog HDL File  ; C:/RISC-V_Single-cycle_Processor_Quartus/top/00_src/mux_2.sv          ;         ;
; 00_src/mrwu.sv                   ; yes             ; User SystemVerilog HDL File  ; C:/RISC-V_Single-cycle_Processor_Quartus/top/00_src/mrwu.sv           ;         ;
; 00_src/main_dec.sv               ; yes             ; User SystemVerilog HDL File  ; C:/RISC-V_Single-cycle_Processor_Quartus/top/00_src/main_dec.sv       ;         ;
; 00_src/lsu.sv                    ; yes             ; User SystemVerilog HDL File  ; C:/RISC-V_Single-cycle_Processor_Quartus/top/00_src/lsu.sv            ;         ;
; 00_src/i_mem.sv                  ; yes             ; User SystemVerilog HDL File  ; C:/RISC-V_Single-cycle_Processor_Quartus/top/00_src/i_mem.sv          ;         ;
; 00_src/flop_r.sv                 ; yes             ; User SystemVerilog HDL File  ; C:/RISC-V_Single-cycle_Processor_Quartus/top/00_src/flop_r.sv         ;         ;
; 00_src/extender.sv               ; yes             ; User SystemVerilog HDL File  ; C:/RISC-V_Single-cycle_Processor_Quartus/top/00_src/extender.sv       ;         ;
; 00_src/eu.sv                     ; yes             ; User SystemVerilog HDL File  ; C:/RISC-V_Single-cycle_Processor_Quartus/top/00_src/eu.sv             ;         ;
; 00_src/data_path.sv              ; yes             ; User SystemVerilog HDL File  ; C:/RISC-V_Single-cycle_Processor_Quartus/top/00_src/data_path.sv      ;         ;
; 00_src/d_mem.sv                  ; yes             ; User SystemVerilog HDL File  ; C:/RISC-V_Single-cycle_Processor_Quartus/top/00_src/d_mem.sv          ;         ;
; 00_src/controller.sv             ; yes             ; User SystemVerilog HDL File  ; C:/RISC-V_Single-cycle_Processor_Quartus/top/00_src/controller.sv     ;         ;
; 00_src/bru.sv                    ; yes             ; User SystemVerilog HDL File  ; C:/RISC-V_Single-cycle_Processor_Quartus/top/00_src/bru.sv            ;         ;
; 00_src/and_nb.sv                 ; yes             ; User SystemVerilog HDL File  ; C:/RISC-V_Single-cycle_Processor_Quartus/top/00_src/and_nb.sv         ;         ;
; 00_src/alu_dec.sv                ; yes             ; User SystemVerilog HDL File  ; C:/RISC-V_Single-cycle_Processor_Quartus/top/00_src/alu_dec.sv        ;         ;
; 00_src/alu.sv                    ; yes             ; User SystemVerilog HDL File  ; C:/RISC-V_Single-cycle_Processor_Quartus/top/00_src/alu.sv            ;         ;
; 00_src/adder_nb.sv               ; yes             ; User SystemVerilog HDL File  ; C:/RISC-V_Single-cycle_Processor_Quartus/top/00_src/adder_nb.sv       ;         ;
; 00_src/adder_1b.sv               ; yes             ; User SystemVerilog HDL File  ; C:/RISC-V_Single-cycle_Processor_Quartus/top/00_src/adder_1b.sv       ;         ;
+----------------------------------+-----------------+------------------------------+-----------------------------------------------------------------------+---------+


+---------------------------------------------------------+
; Analysis & Synthesis Resource Usage Summary             ;
+---------------------------------------------+-----------+
; Resource                                    ; Usage     ;
+---------------------------------------------+-----------+
; Estimate of Logic utilization (ALMs needed) ; 2779      ;
;                                             ;           ;
; Combinational ALUT usage for logic          ; 2252      ;
;     -- 7 input functions                    ; 548       ;
;     -- 6 input functions                    ; 1128      ;
;     -- 5 input functions                    ; 181       ;
;     -- 4 input functions                    ; 112       ;
;     -- <=3 input functions                  ; 283       ;
;                                             ;           ;
; Dedicated logic registers                   ; 3168      ;
;                                             ;           ;
; I/O pins                                    ; 4         ;
;                                             ;           ;
; Total DSP Blocks                            ; 0         ;
;                                             ;           ;
; Maximum fan-out node                        ; clk~input ;
; Maximum fan-out                             ; 3168      ;
; Total fan-out                               ; 22156     ;
; Average fan-out                             ; 4.08      ;
+---------------------------------------------+-----------+


+--------------------------------------------------------------------------------------------------------------------------------------------------------------------------------------------------------------------------------------------------+
; Analysis & Synthesis Resource Utilization by Entity                                                                                                                                                                                              ;
+-----------------------------------+---------------------+---------------------------+-------------------+------------+------+--------------+---------------------------------------------------------------------+----------------+--------------+
; Compilation Hierarchy Node        ; Combinational ALUTs ; Dedicated Logic Registers ; Block Memory Bits ; DSP Blocks ; Pins ; Virtual Pins ; Full Hierarchy Name                                                 ; Entity Name    ; Library Name ;
+-----------------------------------+---------------------+---------------------------+-------------------+------------+------+--------------+---------------------------------------------------------------------+----------------+--------------+
; |top                              ; 2252 (0)            ; 3168 (0)                  ; 0                 ; 0          ; 4    ; 0            ; |top                                                                ; top            ; work         ;
;    |d_mem:dm|                     ; 800 (800)           ; 2048 (2048)               ; 0                 ; 0          ; 0    ; 0            ; |top|d_mem:dm                                                       ; d_mem          ; work         ;
;    |i_mem:im|                     ; 125 (125)           ; 0 (0)                     ; 0                 ; 0          ; 0    ; 0            ; |top|i_mem:im                                                       ; i_mem          ; work         ;
;    |processor:proc|               ; 1327 (0)            ; 1120 (0)                  ; 0                 ; 0          ; 0    ; 0            ; |top|processor:proc                                                 ; processor      ; work         ;
;       |controller:ctrl|           ; 35 (0)              ; 0 (0)                     ; 0                 ; 0          ; 0    ; 0            ; |top|processor:proc|controller:ctrl                                 ; controller     ; work         ;
;          |alu_dec:ad|             ; 9 (9)               ; 0 (0)                     ; 0                 ; 0          ; 0    ; 0            ; |top|processor:proc|controller:ctrl|alu_dec:ad                      ; alu_dec        ; work         ;
;          |bru:bru|                ; 3 (3)               ; 0 (0)                     ; 0                 ; 0          ; 0    ; 0            ; |top|processor:proc|controller:ctrl|bru:bru                         ; bru            ; work         ;
;          |eu:eu|                  ; 5 (5)               ; 0 (0)                     ; 0                 ; 0          ; 0    ; 0            ; |top|processor:proc|controller:ctrl|eu:eu                           ; eu             ; work         ;
;          |lsu:lsu|                ; 2 (2)               ; 0 (0)                     ; 0                 ; 0          ; 0    ; 0            ; |top|processor:proc|controller:ctrl|lsu:lsu                         ; lsu            ; work         ;
;          |main_dec:md|            ; 16 (16)             ; 0 (0)                     ; 0                 ; 0          ; 0    ; 0            ; |top|processor:proc|controller:ctrl|main_dec:md                     ; main_dec       ; work         ;
;       |data_path:dp|              ; 1292 (0)            ; 1120 (0)                  ; 0                 ; 0          ; 0    ; 0            ; |top|processor:proc|data_path:dp                                    ; data_path      ; work         ;
;          |adder_nb:PCplus4|       ; 37 (0)              ; 0 (0)                     ; 0                 ; 0          ; 0    ; 0            ; |top|processor:proc|data_path:dp|adder_nb:PCplus4                   ; adder_nb       ; work         ;
;             |adder_1b:a10|        ; 1 (1)               ; 0 (0)                     ; 0                 ; 0          ; 0    ; 0            ; |top|processor:proc|data_path:dp|adder_nb:PCplus4|adder_1b:a10      ; adder_1b       ; work         ;
;             |adder_1b:a11|        ; 2 (2)               ; 0 (0)                     ; 0                 ; 0          ; 0    ; 0            ; |top|processor:proc|data_path:dp|adder_nb:PCplus4|adder_1b:a11      ; adder_1b       ; work         ;
;             |adder_1b:a12|        ; 1 (1)               ; 0 (0)                     ; 0                 ; 0          ; 0    ; 0            ; |top|processor:proc|data_path:dp|adder_nb:PCplus4|adder_1b:a12      ; adder_1b       ; work         ;
;             |adder_1b:a13|        ; 2 (2)               ; 0 (0)                     ; 0                 ; 0          ; 0    ; 0            ; |top|processor:proc|data_path:dp|adder_nb:PCplus4|adder_1b:a13      ; adder_1b       ; work         ;
;             |adder_1b:a14|        ; 1 (1)               ; 0 (0)                     ; 0                 ; 0          ; 0    ; 0            ; |top|processor:proc|data_path:dp|adder_nb:PCplus4|adder_1b:a14      ; adder_1b       ; work         ;
;             |adder_1b:a15|        ; 1 (1)               ; 0 (0)                     ; 0                 ; 0          ; 0    ; 0            ; |top|processor:proc|data_path:dp|adder_nb:PCplus4|adder_1b:a15      ; adder_1b       ; work         ;
;             |adder_1b:a16|        ; 2 (2)               ; 0 (0)                     ; 0                 ; 0          ; 0    ; 0            ; |top|processor:proc|data_path:dp|adder_nb:PCplus4|adder_1b:a16      ; adder_1b       ; work         ;
;             |adder_1b:a17|        ; 1 (1)               ; 0 (0)                     ; 0                 ; 0          ; 0    ; 0            ; |top|processor:proc|data_path:dp|adder_nb:PCplus4|adder_1b:a17      ; adder_1b       ; work         ;
;             |adder_1b:a18|        ; 1 (1)               ; 0 (0)                     ; 0                 ; 0          ; 0    ; 0            ; |top|processor:proc|data_path:dp|adder_nb:PCplus4|adder_1b:a18      ; adder_1b       ; work         ;
;             |adder_1b:a19|        ; 2 (2)               ; 0 (0)                     ; 0                 ; 0          ; 0    ; 0            ; |top|processor:proc|data_path:dp|adder_nb:PCplus4|adder_1b:a19      ; adder_1b       ; work         ;
;             |adder_1b:a20|        ; 1 (1)               ; 0 (0)                     ; 0                 ; 0          ; 0    ; 0            ; |top|processor:proc|data_path:dp|adder_nb:PCplus4|adder_1b:a20      ; adder_1b       ; work         ;
;             |adder_1b:a21|        ; 1 (1)               ; 0 (0)                     ; 0                 ; 0          ; 0    ; 0            ; |top|processor:proc|data_path:dp|adder_nb:PCplus4|adder_1b:a21      ; adder_1b       ; work         ;
;             |adder_1b:a22|        ; 2 (2)               ; 0 (0)                     ; 0                 ; 0          ; 0    ; 0            ; |top|processor:proc|data_path:dp|adder_nb:PCplus4|adder_1b:a22      ; adder_1b       ; work         ;
;             |adder_1b:a23|        ; 1 (1)               ; 0 (0)                     ; 0                 ; 0          ; 0    ; 0            ; |top|processor:proc|data_path:dp|adder_nb:PCplus4|adder_1b:a23      ; adder_1b       ; work         ;
;             |adder_1b:a24|        ; 1 (1)               ; 0 (0)                     ; 0                 ; 0          ; 0    ; 0            ; |top|processor:proc|data_path:dp|adder_nb:PCplus4|adder_1b:a24      ; adder_1b       ; work         ;
;             |adder_1b:a25|        ; 2 (2)               ; 0 (0)                     ; 0                 ; 0          ; 0    ; 0            ; |top|processor:proc|data_path:dp|adder_nb:PCplus4|adder_1b:a25      ; adder_1b       ; work         ;
;             |adder_1b:a26|        ; 1 (1)               ; 0 (0)                     ; 0                 ; 0          ; 0    ; 0            ; |top|processor:proc|data_path:dp|adder_nb:PCplus4|adder_1b:a26      ; adder_1b       ; work         ;
;             |adder_1b:a27|        ; 1 (1)               ; 0 (0)                     ; 0                 ; 0          ; 0    ; 0            ; |top|processor:proc|data_path:dp|adder_nb:PCplus4|adder_1b:a27      ; adder_1b       ; work         ;
;             |adder_1b:a28|        ; 2 (2)               ; 0 (0)                     ; 0                 ; 0          ; 0    ; 0            ; |top|processor:proc|data_path:dp|adder_nb:PCplus4|adder_1b:a28      ; adder_1b       ; work         ;
;             |adder_1b:a29|        ; 1 (1)               ; 0 (0)                     ; 0                 ; 0          ; 0    ; 0            ; |top|processor:proc|data_path:dp|adder_nb:PCplus4|adder_1b:a29      ; adder_1b       ; work         ;
;             |adder_1b:a30|        ; 1 (1)               ; 0 (0)                     ; 0                 ; 0          ; 0    ; 0            ; |top|processor:proc|data_path:dp|adder_nb:PCplus4|adder_1b:a30      ; adder_1b       ; work         ;
;             |adder_1b:a31|        ; 1 (1)               ; 0 (0)                     ; 0                 ; 0          ; 0    ; 0            ; |top|processor:proc|data_path:dp|adder_nb:PCplus4|adder_1b:a31      ; adder_1b       ; work         ;
;             |adder_1b:a32|        ; 1 (1)               ; 0 (0)                     ; 0                 ; 0          ; 0    ; 0            ; |top|processor:proc|data_path:dp|adder_nb:PCplus4|adder_1b:a32      ; adder_1b       ; work         ;
;             |adder_1b:a5|         ; 2 (2)               ; 0 (0)                     ; 0                 ; 0          ; 0    ; 0            ; |top|processor:proc|data_path:dp|adder_nb:PCplus4|adder_1b:a5       ; adder_1b       ; work         ;
;             |adder_1b:a6|         ; 1 (1)               ; 0 (0)                     ; 0                 ; 0          ; 0    ; 0            ; |top|processor:proc|data_path:dp|adder_nb:PCplus4|adder_1b:a6       ; adder_1b       ; work         ;
;             |adder_1b:a7|         ; 1 (1)               ; 0 (0)                     ; 0                 ; 0          ; 0    ; 0            ; |top|processor:proc|data_path:dp|adder_nb:PCplus4|adder_1b:a7       ; adder_1b       ; work         ;
;             |adder_1b:a8|         ; 2 (2)               ; 0 (0)                     ; 0                 ; 0          ; 0    ; 0            ; |top|processor:proc|data_path:dp|adder_nb:PCplus4|adder_1b:a8       ; adder_1b       ; work         ;
;             |adder_1b:a9|         ; 1 (1)               ; 0 (0)                     ; 0                 ; 0          ; 0    ; 0            ; |top|processor:proc|data_path:dp|adder_nb:PCplus4|adder_1b:a9       ; adder_1b       ; work         ;
;          |adder_nb:PCplusbranch|  ; 58 (0)              ; 0 (0)                     ; 0                 ; 0          ; 0    ; 0            ; |top|processor:proc|data_path:dp|adder_nb:PCplusbranch              ; adder_nb       ; work         ;
;             |adder_1b:a10|        ; 1 (1)               ; 0 (0)                     ; 0                 ; 0          ; 0    ; 0            ; |top|processor:proc|data_path:dp|adder_nb:PCplusbranch|adder_1b:a10 ; adder_1b       ; work         ;
;             |adder_1b:a11|        ; 4 (4)               ; 0 (0)                     ; 0                 ; 0          ; 0    ; 0            ; |top|processor:proc|data_path:dp|adder_nb:PCplusbranch|adder_1b:a11 ; adder_1b       ; work         ;
;             |adder_1b:a12|        ; 1 (1)               ; 0 (0)                     ; 0                 ; 0          ; 0    ; 0            ; |top|processor:proc|data_path:dp|adder_nb:PCplusbranch|adder_1b:a12 ; adder_1b       ; work         ;
;             |adder_1b:a13|        ; 2 (2)               ; 0 (0)                     ; 0                 ; 0          ; 0    ; 0            ; |top|processor:proc|data_path:dp|adder_nb:PCplusbranch|adder_1b:a13 ; adder_1b       ; work         ;
;             |adder_1b:a14|        ; 2 (2)               ; 0 (0)                     ; 0                 ; 0          ; 0    ; 0            ; |top|processor:proc|data_path:dp|adder_nb:PCplusbranch|adder_1b:a14 ; adder_1b       ; work         ;
;             |adder_1b:a15|        ; 1 (1)               ; 0 (0)                     ; 0                 ; 0          ; 0    ; 0            ; |top|processor:proc|data_path:dp|adder_nb:PCplusbranch|adder_1b:a15 ; adder_1b       ; work         ;
;             |adder_1b:a16|        ; 4 (4)               ; 0 (0)                     ; 0                 ; 0          ; 0    ; 0            ; |top|processor:proc|data_path:dp|adder_nb:PCplusbranch|adder_1b:a16 ; adder_1b       ; work         ;
;             |adder_1b:a17|        ; 1 (1)               ; 0 (0)                     ; 0                 ; 0          ; 0    ; 0            ; |top|processor:proc|data_path:dp|adder_nb:PCplusbranch|adder_1b:a17 ; adder_1b       ; work         ;
;             |adder_1b:a18|        ; 2 (2)               ; 0 (0)                     ; 0                 ; 0          ; 0    ; 0            ; |top|processor:proc|data_path:dp|adder_nb:PCplusbranch|adder_1b:a18 ; adder_1b       ; work         ;
;             |adder_1b:a19|        ; 2 (2)               ; 0 (0)                     ; 0                 ; 0          ; 0    ; 0            ; |top|processor:proc|data_path:dp|adder_nb:PCplusbranch|adder_1b:a19 ; adder_1b       ; work         ;
;             |adder_1b:a20|        ; 1 (1)               ; 0 (0)                     ; 0                 ; 0          ; 0    ; 0            ; |top|processor:proc|data_path:dp|adder_nb:PCplusbranch|adder_1b:a20 ; adder_1b       ; work         ;
;             |adder_1b:a21|        ; 5 (5)               ; 0 (0)                     ; 0                 ; 0          ; 0    ; 0            ; |top|processor:proc|data_path:dp|adder_nb:PCplusbranch|adder_1b:a21 ; adder_1b       ; work         ;
;             |adder_1b:a22|        ; 1 (1)               ; 0 (0)                     ; 0                 ; 0          ; 0    ; 0            ; |top|processor:proc|data_path:dp|adder_nb:PCplusbranch|adder_1b:a22 ; adder_1b       ; work         ;
;             |adder_1b:a23|        ; 2 (2)               ; 0 (0)                     ; 0                 ; 0          ; 0    ; 0            ; |top|processor:proc|data_path:dp|adder_nb:PCplusbranch|adder_1b:a23 ; adder_1b       ; work         ;
;             |adder_1b:a24|        ; 1 (1)               ; 0 (0)                     ; 0                 ; 0          ; 0    ; 0            ; |top|processor:proc|data_path:dp|adder_nb:PCplusbranch|adder_1b:a24 ; adder_1b       ; work         ;
;             |adder_1b:a25|        ; 1 (1)               ; 0 (0)                     ; 0                 ; 0          ; 0    ; 0            ; |top|processor:proc|data_path:dp|adder_nb:PCplusbranch|adder_1b:a25 ; adder_1b       ; work         ;
;             |adder_1b:a26|        ; 4 (4)               ; 0 (0)                     ; 0                 ; 0          ; 0    ; 0            ; |top|processor:proc|data_path:dp|adder_nb:PCplusbranch|adder_1b:a26 ; adder_1b       ; work         ;
;             |adder_1b:a27|        ; 1 (1)               ; 0 (0)                     ; 0                 ; 0          ; 0    ; 0            ; |top|processor:proc|data_path:dp|adder_nb:PCplusbranch|adder_1b:a27 ; adder_1b       ; work         ;
;             |adder_1b:a28|        ; 2 (2)               ; 0 (0)                     ; 0                 ; 0          ; 0    ; 0            ; |top|processor:proc|data_path:dp|adder_nb:PCplusbranch|adder_1b:a28 ; adder_1b       ; work         ;
;             |adder_1b:a29|        ; 1 (1)               ; 0 (0)                     ; 0                 ; 0          ; 0    ; 0            ; |top|processor:proc|data_path:dp|adder_nb:PCplusbranch|adder_1b:a29 ; adder_1b       ; work         ;
;             |adder_1b:a30|        ; 2 (2)               ; 0 (0)                     ; 0                 ; 0          ; 0    ; 0            ; |top|processor:proc|data_path:dp|adder_nb:PCplusbranch|adder_1b:a30 ; adder_1b       ; work         ;
;             |adder_1b:a31|        ; 2 (2)               ; 0 (0)                     ; 0                 ; 0          ; 0    ; 0            ; |top|processor:proc|data_path:dp|adder_nb:PCplusbranch|adder_1b:a31 ; adder_1b       ; work         ;
;             |adder_1b:a32|        ; 1 (1)               ; 0 (0)                     ; 0                 ; 0          ; 0    ; 0            ; |top|processor:proc|data_path:dp|adder_nb:PCplusbranch|adder_1b:a32 ; adder_1b       ; work         ;
;             |adder_1b:a3|         ; 2 (2)               ; 0 (0)                     ; 0                 ; 0          ; 0    ; 0            ; |top|processor:proc|data_path:dp|adder_nb:PCplusbranch|adder_1b:a3  ; adder_1b       ; work         ;
;             |adder_1b:a4|         ; 2 (2)               ; 0 (0)                     ; 0                 ; 0          ; 0    ; 0            ; |top|processor:proc|data_path:dp|adder_nb:PCplusbranch|adder_1b:a4  ; adder_1b       ; work         ;
;             |adder_1b:a5|         ; 1 (1)               ; 0 (0)                     ; 0                 ; 0          ; 0    ; 0            ; |top|processor:proc|data_path:dp|adder_nb:PCplusbranch|adder_1b:a5  ; adder_1b       ; work         ;
;             |adder_1b:a6|         ; 5 (5)               ; 0 (0)                     ; 0                 ; 0          ; 0    ; 0            ; |top|processor:proc|data_path:dp|adder_nb:PCplusbranch|adder_1b:a6  ; adder_1b       ; work         ;
;             |adder_1b:a7|         ; 1 (1)               ; 0 (0)                     ; 0                 ; 0          ; 0    ; 0            ; |top|processor:proc|data_path:dp|adder_nb:PCplusbranch|adder_1b:a7  ; adder_1b       ; work         ;
;             |adder_1b:a8|         ; 2 (2)               ; 0 (0)                     ; 0                 ; 0          ; 0    ; 0            ; |top|processor:proc|data_path:dp|adder_nb:PCplusbranch|adder_1b:a8  ; adder_1b       ; work         ;
;             |adder_1b:a9|         ; 1 (1)               ; 0 (0)                     ; 0                 ; 0          ; 0    ; 0            ; |top|processor:proc|data_path:dp|adder_nb:PCplusbranch|adder_1b:a9  ; adder_1b       ; work         ;
;          |alu:ALU|                ; 399 (10)            ; 0 (0)                     ; 0                 ; 0          ; 0    ; 0            ; |top|processor:proc|data_path:dp|alu:ALU                            ; alu            ; work         ;
;             |adder_nb:add1|       ; 40 (0)              ; 0 (0)                     ; 0                 ; 0          ; 0    ; 0            ; |top|processor:proc|data_path:dp|alu:ALU|adder_nb:add1              ; adder_nb       ; work         ;
;                |adder_1b:a11|     ; 2 (2)               ; 0 (0)                     ; 0                 ; 0          ; 0    ; 0            ; |top|processor:proc|data_path:dp|alu:ALU|adder_nb:add1|adder_1b:a11 ; adder_1b       ; work         ;
;                |adder_1b:a14|     ; 4 (4)               ; 0 (0)                     ; 0                 ; 0          ; 0    ; 0            ; |top|processor:proc|data_path:dp|alu:ALU|adder_nb:add1|adder_1b:a14 ; adder_1b       ; work         ;
;                |adder_1b:a16|     ; 2 (2)               ; 0 (0)                     ; 0                 ; 0          ; 0    ; 0            ; |top|processor:proc|data_path:dp|alu:ALU|adder_nb:add1|adder_1b:a16 ; adder_1b       ; work         ;
;                |adder_1b:a18|     ; 1 (1)               ; 0 (0)                     ; 0                 ; 0          ; 0    ; 0            ; |top|processor:proc|data_path:dp|alu:ALU|adder_nb:add1|adder_1b:a18 ; adder_1b       ; work         ;
;                |adder_1b:a19|     ; 3 (3)               ; 0 (0)                     ; 0                 ; 0          ; 0    ; 0            ; |top|processor:proc|data_path:dp|alu:ALU|adder_nb:add1|adder_1b:a19 ; adder_1b       ; work         ;
;                |adder_1b:a1|      ; 2 (2)               ; 0 (0)                     ; 0                 ; 0          ; 0    ; 0            ; |top|processor:proc|data_path:dp|alu:ALU|adder_nb:add1|adder_1b:a1  ; adder_1b       ; work         ;
;                |adder_1b:a20|     ; 1 (1)               ; 0 (0)                     ; 0                 ; 0          ; 0    ; 0            ; |top|processor:proc|data_path:dp|alu:ALU|adder_nb:add1|adder_1b:a20 ; adder_1b       ; work         ;
;                |adder_1b:a21|     ; 1 (1)               ; 0 (0)                     ; 0                 ; 0          ; 0    ; 0            ; |top|processor:proc|data_path:dp|alu:ALU|adder_nb:add1|adder_1b:a21 ; adder_1b       ; work         ;
;                |adder_1b:a23|     ; 2 (2)               ; 0 (0)                     ; 0                 ; 0          ; 0    ; 0            ; |top|processor:proc|data_path:dp|alu:ALU|adder_nb:add1|adder_1b:a23 ; adder_1b       ; work         ;
;                |adder_1b:a24|     ; 5 (5)               ; 0 (0)                     ; 0                 ; 0          ; 0    ; 0            ; |top|processor:proc|data_path:dp|alu:ALU|adder_nb:add1|adder_1b:a24 ; adder_1b       ; work         ;
;                |adder_1b:a26|     ; 1 (1)               ; 0 (0)                     ; 0                 ; 0          ; 0    ; 0            ; |top|processor:proc|data_path:dp|alu:ALU|adder_nb:add1|adder_1b:a26 ; adder_1b       ; work         ;
;                |adder_1b:a28|     ; 2 (2)               ; 0 (0)                     ; 0                 ; 0          ; 0    ; 0            ; |top|processor:proc|data_path:dp|alu:ALU|adder_nb:add1|adder_1b:a28 ; adder_1b       ; work         ;
;                |adder_1b:a29|     ; 3 (3)               ; 0 (0)                     ; 0                 ; 0          ; 0    ; 0            ; |top|processor:proc|data_path:dp|alu:ALU|adder_nb:add1|adder_1b:a29 ; adder_1b       ; work         ;
;                |adder_1b:a31|     ; 1 (1)               ; 0 (0)                     ; 0                 ; 0          ; 0    ; 0            ; |top|processor:proc|data_path:dp|alu:ALU|adder_nb:add1|adder_1b:a31 ; adder_1b       ; work         ;
;                |adder_1b:a4|      ; 3 (3)               ; 0 (0)                     ; 0                 ; 0          ; 0    ; 0            ; |top|processor:proc|data_path:dp|alu:ALU|adder_nb:add1|adder_1b:a4  ; adder_1b       ; work         ;
;                |adder_1b:a6|      ; 2 (2)               ; 0 (0)                     ; 0                 ; 0          ; 0    ; 0            ; |top|processor:proc|data_path:dp|alu:ALU|adder_nb:add1|adder_1b:a6  ; adder_1b       ; work         ;
;                |adder_1b:a8|      ; 1 (1)               ; 0 (0)                     ; 0                 ; 0          ; 0    ; 0            ; |top|processor:proc|data_path:dp|alu:ALU|adder_nb:add1|adder_1b:a8  ; adder_1b       ; work         ;
;                |adder_1b:a9|      ; 4 (4)               ; 0 (0)                     ; 0                 ; 0          ; 0    ; 0            ; |top|processor:proc|data_path:dp|alu:ALU|adder_nb:add1|adder_1b:a9  ; adder_1b       ; work         ;
;             |mux_16:mux2|         ; 225 (225)           ; 0 (0)                     ; 0                 ; 0          ; 0    ; 0            ; |top|processor:proc|data_path:dp|alu:ALU|mux_16:mux2                ; mux_16         ; work         ;
;             |mux_2:mux1|          ; 26 (26)             ; 0 (0)                     ; 0                 ; 0          ; 0    ; 0            ; |top|processor:proc|data_path:dp|alu:ALU|mux_2:mux1                 ; mux_2          ; work         ;
;             |shifter_l_l_nb:sll1| ; 43 (43)             ; 0 (0)                     ; 0                 ; 0          ; 0    ; 0            ; |top|processor:proc|data_path:dp|alu:ALU|shifter_l_l_nb:sll1        ; shifter_l_l_nb ; work         ;
;             |shifter_r_a_nb:sra1| ; 8 (8)               ; 0 (0)                     ; 0                 ; 0          ; 0    ; 0            ; |top|processor:proc|data_path:dp|alu:ALU|shifter_r_a_nb:sra1        ; shifter_r_a_nb ; work         ;
;             |shifter_r_l_nb:srl1| ; 43 (43)             ; 0 (0)                     ; 0                 ; 0          ; 0    ; 0            ; |top|processor:proc|data_path:dp|alu:ALU|shifter_r_l_nb:srl1        ; shifter_r_l_nb ; work         ;
;             |xor_nb:xor1|         ; 4 (4)               ; 0 (0)                     ; 0                 ; 0          ; 0    ; 0            ; |top|processor:proc|data_path:dp|alu:ALU|xor_nb:xor1                ; xor_nb         ; work         ;
;          |extender:ext|           ; 29 (29)             ; 0 (0)                     ; 0                 ; 0          ; 0    ; 0            ; |top|processor:proc|data_path:dp|extender:ext                       ; extender       ; work         ;
;          |flop_r:Freg|            ; 1 (1)               ; 32 (32)                   ; 0                 ; 0          ; 0    ; 0            ; |top|processor:proc|data_path:dp|flop_r:Freg                        ; flop_r         ; work         ;
;          |mrwu:mrwu|              ; 24 (24)             ; 0 (0)                     ; 0                 ; 0          ; 0    ; 0            ; |top|processor:proc|data_path:dp|mrwu:mrwu                          ; mrwu           ; work         ;
;          |mux_2:srcBmux|          ; 32 (32)             ; 0 (0)                     ; 0                 ; 0          ; 0    ; 0            ; |top|processor:proc|data_path:dp|mux_2:srcBmux                      ; mux_2          ; work         ;
;          |mux_4:PCmux|            ; 32 (32)             ; 0 (0)                     ; 0                 ; 0          ; 0    ; 0            ; |top|processor:proc|data_path:dp|mux_4:PCmux                        ; mux_4          ; work         ;
;          |mux_4:rsltmux|          ; 51 (51)             ; 0 (0)                     ; 0                 ; 0          ; 0    ; 0            ; |top|processor:proc|data_path:dp|mux_4:rsltmux                      ; mux_4          ; work         ;
;          |reg_file:rf|            ; 629 (629)           ; 1088 (1088)               ; 0                 ; 0          ; 0    ; 0            ; |top|processor:proc|data_path:dp|reg_file:rf                        ; reg_file       ; work         ;
+-----------------------------------+---------------------+---------------------------+-------------------+------------+------+--------------+---------------------------------------------------------------------+----------------+--------------+
Note: For table entries with two numbers listed, the numbers in parentheses indicate the number of resources of the given type used by the specific entity alone. The numbers listed outside of parentheses indicate the total resources of the given type used by the specific entity and all of its sub-entities in the hierarchy.


+------------------------------------------------------+
; General Register Statistics                          ;
+----------------------------------------------+-------+
; Statistic                                    ; Value ;
+----------------------------------------------+-------+
; Total registers                              ; 3168  ;
; Number of registers using Synchronous Clear  ; 64    ;
; Number of registers using Synchronous Load   ; 0     ;
; Number of registers using Asynchronous Clear ; 32    ;
; Number of registers using Asynchronous Load  ; 0     ;
; Number of registers using Clock Enable       ; 3074  ;
; Number of registers using Preset             ; 0     ;
+----------------------------------------------+-------+


+---------------------------------------------------------------------------------------------------------------------------------------------------------------------------------------+
; Multiplexer Restructuring Statistics (Restructuring Performed)                                                                                                                        ;
+--------------------+-----------+---------------+----------------------+------------------------+------------+-------------------------------------------------------------------------+
; Multiplexer Inputs ; Bus Width ; Baseline Area ; Area if Restructured ; Saving if Restructured ; Registered ; Example Multiplexer Output                                              ;
+--------------------+-----------+---------------+----------------------+------------------------+------------+-------------------------------------------------------------------------+
; 4:1                ; 2 bits    ; 4 LEs         ; 4 LEs                ; 0 LEs                  ; Yes        ; |top|processor:proc|data_path:dp|flop_r:Freg|q[0]                       ;
; 4:1                ; 30 bits   ; 60 LEs        ; 60 LEs               ; 0 LEs                  ; Yes        ; |top|processor:proc|data_path:dp|flop_r:Freg|q[26]                      ;
; 3:1                ; 4 bits    ; 8 LEs         ; 8 LEs                ; 0 LEs                  ; No         ; |top|processor:proc|data_path:dp|alu:ALU|shifter_l_l_nb:sll1|shift4[0]  ;
; 3:1                ; 4 bits    ; 8 LEs         ; 8 LEs                ; 0 LEs                  ; No         ; |top|processor:proc|data_path:dp|alu:ALU|shifter_l_l_nb:sll1|shift4[5]  ;
; 4:1                ; 4 bits    ; 8 LEs         ; 8 LEs                ; 0 LEs                  ; No         ; |top|processor:proc|data_path:dp|alu:ALU|shifter_l_l_nb:sll1|shift4[8]  ;
; 4:1                ; 4 bits    ; 8 LEs         ; 8 LEs                ; 0 LEs                  ; No         ; |top|processor:proc|data_path:dp|alu:ALU|shifter_l_l_nb:sll1|shift4[15] ;
; 3:1                ; 2 bits    ; 4 LEs         ; 4 LEs                ; 0 LEs                  ; No         ; |top|processor:proc|data_path:dp|alu:ALU|shifter_r_l_nb:srl1|shift2[28] ;
; 4:1                ; 48 bits   ; 96 LEs        ; 96 LEs               ; 0 LEs                  ; No         ; |top|processor:proc|data_path:dp|alu:ALU|shifter_r_l_nb:srl1|shift2[12] ;
; 4:1                ; 8 bits    ; 16 LEs        ; 16 LEs               ; 0 LEs                  ; No         ; |top|processor:proc|data_path:dp|mux_4:rsltmux|y[2]                     ;
; 4:1                ; 8 bits    ; 16 LEs        ; 8 LEs                ; 8 LEs                  ; No         ; |top|processor:proc|data_path:dp|extender:ext|Mux1                      ;
; 5:1                ; 4 bits    ; 12 LEs        ; 8 LEs                ; 4 LEs                  ; No         ; |top|processor:proc|data_path:dp|extender:ext|Mux10                     ;
; 18:1               ; 16 bits   ; 192 LEs       ; 32 LEs               ; 160 LEs                ; No         ; |top|processor:proc|data_path:dp|mrwu:mrwu|Selector29                   ;
; 21:1               ; 8 bits    ; 112 LEs       ; 32 LEs               ; 80 LEs                 ; No         ; |top|processor:proc|data_path:dp|mux_4:rsltmux|y[9]                     ;
; 21:1               ; 16 bits   ; 224 LEs       ; 64 LEs               ; 160 LEs                ; No         ; |top|processor:proc|data_path:dp|mux_4:rsltmux|y[20]                    ;
; 16:1               ; 7 bits    ; 70 LEs        ; 70 LEs               ; 0 LEs                  ; No         ; |top|processor:proc|data_path:dp|alu:ALU|mux_16:mux2|y[9]               ;
; 17:1               ; 5 bits    ; 55 LEs        ; 50 LEs               ; 5 LEs                  ; No         ; |top|processor:proc|data_path:dp|alu:ALU|mux_16:mux2|y[4]               ;
; 18:1               ; 11 bits   ; 132 LEs       ; 121 LEs              ; 11 LEs                 ; No         ; |top|processor:proc|data_path:dp|alu:ALU|mux_16:mux2|y[22]              ;
; 20:1               ; 3 bits    ; 39 LEs        ; 36 LEs               ; 3 LEs                  ; No         ; |top|processor:proc|data_path:dp|alu:ALU|mux_16:mux2|y[1]               ;
; 21:1               ; 3 bits    ; 42 LEs        ; 39 LEs               ; 3 LEs                  ; No         ; |top|processor:proc|data_path:dp|alu:ALU|mux_16:mux2|y[28]              ;
+--------------------+-----------+---------------+----------------------+------------------------+------------+-------------------------------------------------------------------------+


+--------------------------------------------------------------------------------------+
; Parameter Settings for User Entity Instance: processor:proc|data_path:dp|flop_r:Freg ;
+----------------+-------+-------------------------------------------------------------+
; Parameter Name ; Value ; Type                                                        ;
+----------------+-------+-------------------------------------------------------------+
; WIDTH          ; 32    ; Signed Integer                                              ;
+----------------+-------+-------------------------------------------------------------+
Note: In order to hide this table in the UI and the text report file, please set the "Show Parameter Settings in Synthesis Report" option in "Analysis and Synthesis Settings -> More Settings" to "Off".


+--------------------------------------------------------------------------------------+
; Parameter Settings for User Entity Instance: processor:proc|data_path:dp|mux_4:PCmux ;
+----------------+-------+-------------------------------------------------------------+
; Parameter Name ; Value ; Type                                                        ;
+----------------+-------+-------------------------------------------------------------+
; WIDTH          ; 32    ; Signed Integer                                              ;
+----------------+-------+-------------------------------------------------------------+
Note: In order to hide this table in the UI and the text report file, please set the "Show Parameter Settings in Synthesis Report" option in "Analysis and Synthesis Settings -> More Settings" to "Off".


+----------------------------------------------------------------------------------------+
; Parameter Settings for User Entity Instance: processor:proc|data_path:dp|mux_2:srcBmux ;
+----------------+-------+---------------------------------------------------------------+
; Parameter Name ; Value ; Type                                                          ;
+----------------+-------+---------------------------------------------------------------+
; WIDTH          ; 32    ; Signed Integer                                                ;
+----------------+-------+---------------------------------------------------------------+
Note: In order to hide this table in the UI and the text report file, please set the "Show Parameter Settings in Synthesis Report" option in "Analysis and Synthesis Settings -> More Settings" to "Off".


+----------------------------------------------------------------------------------------+
; Parameter Settings for User Entity Instance: processor:proc|data_path:dp|mux_4:rsltmux ;
+----------------+-------+---------------------------------------------------------------+
; Parameter Name ; Value ; Type                                                          ;
+----------------+-------+---------------------------------------------------------------+
; WIDTH          ; 32    ; Signed Integer                                                ;
+----------------+-------+---------------------------------------------------------------+
Note: In order to hide this table in the UI and the text report file, please set the "Show Parameter Settings in Synthesis Report" option in "Analysis and Synthesis Settings -> More Settings" to "Off".


+-------------------------------------------------------------------------------------------+
; Parameter Settings for User Entity Instance: processor:proc|data_path:dp|adder_nb:PCplus4 ;
+----------------+-------+------------------------------------------------------------------+
; Parameter Name ; Value ; Type                                                             ;
+----------------+-------+------------------------------------------------------------------+
; WIDTH          ; 32    ; Signed Integer                                                   ;
+----------------+-------+------------------------------------------------------------------+
Note: In order to hide this table in the UI and the text report file, please set the "Show Parameter Settings in Synthesis Report" option in "Analysis and Synthesis Settings -> More Settings" to "Off".


+------------------------------------------------------------------------------------------------+
; Parameter Settings for User Entity Instance: processor:proc|data_path:dp|adder_nb:PCplusbranch ;
+----------------+-------+-----------------------------------------------------------------------+
; Parameter Name ; Value ; Type                                                                  ;
+----------------+-------+-----------------------------------------------------------------------+
; WIDTH          ; 32    ; Signed Integer                                                        ;
+----------------+-------+-----------------------------------------------------------------------+
Note: In order to hide this table in the UI and the text report file, please set the "Show Parameter Settings in Synthesis Report" option in "Analysis and Synthesis Settings -> More Settings" to "Off".


+---------------------------------------------------------------------------------------------+
; Parameter Settings for User Entity Instance: processor:proc|data_path:dp|alu:ALU|mux_2:mux1 ;
+----------------+-------+--------------------------------------------------------------------+
; Parameter Name ; Value ; Type                                                               ;
+----------------+-------+--------------------------------------------------------------------+
; WIDTH          ; 32    ; Signed Integer                                                     ;
+----------------+-------+--------------------------------------------------------------------+
Note: In order to hide this table in the UI and the text report file, please set the "Show Parameter Settings in Synthesis Report" option in "Analysis and Synthesis Settings -> More Settings" to "Off".


+------------------------------------------------------------------------------------------------+
; Parameter Settings for User Entity Instance: processor:proc|data_path:dp|alu:ALU|adder_nb:add1 ;
+----------------+-------+-----------------------------------------------------------------------+
; Parameter Name ; Value ; Type                                                                  ;
+----------------+-------+-----------------------------------------------------------------------+
; WIDTH          ; 32    ; Signed Integer                                                        ;
+----------------+-------+-----------------------------------------------------------------------+
Note: In order to hide this table in the UI and the text report file, please set the "Show Parameter Settings in Synthesis Report" option in "Analysis and Synthesis Settings -> More Settings" to "Off".


+----------------------------------------------------------------------------------------------+
; Parameter Settings for User Entity Instance: processor:proc|data_path:dp|alu:ALU|and_nb:and1 ;
+----------------+-------+---------------------------------------------------------------------+
; Parameter Name ; Value ; Type                                                                ;
+----------------+-------+---------------------------------------------------------------------+
; WIDTH          ; 32    ; Signed Integer                                                      ;
+----------------+-------+---------------------------------------------------------------------+
Note: In order to hide this table in the UI and the text report file, please set the "Show Parameter Settings in Synthesis Report" option in "Analysis and Synthesis Settings -> More Settings" to "Off".


+--------------------------------------------------------------------------------------------+
; Parameter Settings for User Entity Instance: processor:proc|data_path:dp|alu:ALU|or_nb:or1 ;
+----------------+-------+-------------------------------------------------------------------+
; Parameter Name ; Value ; Type                                                              ;
+----------------+-------+-------------------------------------------------------------------+
; WIDTH          ; 32    ; Signed Integer                                                    ;
+----------------+-------+-------------------------------------------------------------------+
Note: In order to hide this table in the UI and the text report file, please set the "Show Parameter Settings in Synthesis Report" option in "Analysis and Synthesis Settings -> More Settings" to "Off".


+----------------------------------------------------------------------------------------------+
; Parameter Settings for User Entity Instance: processor:proc|data_path:dp|alu:ALU|xor_nb:xor1 ;
+----------------+-------+---------------------------------------------------------------------+
; Parameter Name ; Value ; Type                                                                ;
+----------------+-------+---------------------------------------------------------------------+
; WIDTH          ; 32    ; Signed Integer                                                      ;
+----------------+-------+---------------------------------------------------------------------+
Note: In order to hide this table in the UI and the text report file, please set the "Show Parameter Settings in Synthesis Report" option in "Analysis and Synthesis Settings -> More Settings" to "Off".


+------------------------------------------------------------------------------------------------------+
; Parameter Settings for User Entity Instance: processor:proc|data_path:dp|alu:ALU|shifter_l_l_nb:sll1 ;
+----------------+-------+-----------------------------------------------------------------------------+
; Parameter Name ; Value ; Type                                                                        ;
+----------------+-------+-----------------------------------------------------------------------------+
; WIDTH          ; 32    ; Signed Integer                                                              ;
+----------------+-------+-----------------------------------------------------------------------------+
Note: In order to hide this table in the UI and the text report file, please set the "Show Parameter Settings in Synthesis Report" option in "Analysis and Synthesis Settings -> More Settings" to "Off".


+------------------------------------------------------------------------------------------------------+
; Parameter Settings for User Entity Instance: processor:proc|data_path:dp|alu:ALU|shifter_r_l_nb:srl1 ;
+----------------+-------+-----------------------------------------------------------------------------+
; Parameter Name ; Value ; Type                                                                        ;
+----------------+-------+-----------------------------------------------------------------------------+
; WIDTH          ; 32    ; Signed Integer                                                              ;
+----------------+-------+-----------------------------------------------------------------------------+
Note: In order to hide this table in the UI and the text report file, please set the "Show Parameter Settings in Synthesis Report" option in "Analysis and Synthesis Settings -> More Settings" to "Off".


+------------------------------------------------------------------------------------------------------+
; Parameter Settings for User Entity Instance: processor:proc|data_path:dp|alu:ALU|shifter_r_a_nb:sra1 ;
+----------------+-------+-----------------------------------------------------------------------------+
; Parameter Name ; Value ; Type                                                                        ;
+----------------+-------+-----------------------------------------------------------------------------+
; WIDTH          ; 32    ; Signed Integer                                                              ;
+----------------+-------+-----------------------------------------------------------------------------+
Note: In order to hide this table in the UI and the text report file, please set the "Show Parameter Settings in Synthesis Report" option in "Analysis and Synthesis Settings -> More Settings" to "Off".


+----------------------------------------------------------------------------------------------+
; Parameter Settings for User Entity Instance: processor:proc|data_path:dp|alu:ALU|mux_16:mux2 ;
+----------------+-------+---------------------------------------------------------------------+
; Parameter Name ; Value ; Type                                                                ;
+----------------+-------+---------------------------------------------------------------------+
; WIDTH          ; 32    ; Signed Integer                                                      ;
+----------------+-------+---------------------------------------------------------------------+
Note: In order to hide this table in the UI and the text report file, please set the "Show Parameter Settings in Synthesis Report" option in "Analysis and Synthesis Settings -> More Settings" to "Off".


+-----------------------------------------------------------------------------+
; Port Connectivity Checks: "processor:proc|data_path:dp|alu:ALU|mux_16:mux2" ;
+-----------+-------+----------+----------------------------------------------+
; Port      ; Type  ; Severity ; Details                                      ;
+-----------+-------+----------+----------------------------------------------+
; d5[31..1] ; Input ; Info     ; Stuck at GND                                 ;
; d9[31..1] ; Input ; Info     ; Stuck at GND                                 ;
+-----------+-------+----------+----------------------------------------------+


+----------------------------------------------------------------------------------------------------------------+
; Port Connectivity Checks: "processor:proc|data_path:dp|adder_nb:PCplusbranch"                                  ;
+------+--------+----------+-------------------------------------------------------------------------------------+
; Port ; Type   ; Severity ; Details                                                                             ;
+------+--------+----------+-------------------------------------------------------------------------------------+
; cin  ; Input  ; Info     ; Stuck at GND                                                                        ;
; cout ; Output ; Info     ; Connected to dangling logic. Logic that only feeds a dangling port will be removed. ;
+------+--------+----------+-------------------------------------------------------------------------------------+


+--------------------------------------------------------------------------------------------------------------------+
; Port Connectivity Checks: "processor:proc|data_path:dp|adder_nb:PCplus4"                                           ;
+----------+--------+----------+-------------------------------------------------------------------------------------+
; Port     ; Type   ; Severity ; Details                                                                             ;
+----------+--------+----------+-------------------------------------------------------------------------------------+
; b[31..3] ; Input  ; Info     ; Stuck at GND                                                                        ;
; b[1..0]  ; Input  ; Info     ; Stuck at GND                                                                        ;
; b[2]     ; Input  ; Info     ; Stuck at VCC                                                                        ;
; cin      ; Input  ; Info     ; Stuck at GND                                                                        ;
; cout     ; Output ; Info     ; Connected to dangling logic. Logic that only feeds a dangling port will be removed. ;
+----------+--------+----------+-------------------------------------------------------------------------------------+


+-----------------------------------------------------------------------+
; Port Connectivity Checks: "processor:proc|data_path:dp|mux_4:rsltmux" ;
+------+-------+----------+---------------------------------------------+
; Port ; Type  ; Severity ; Details                                     ;
+------+-------+----------+---------------------------------------------+
; d3   ; Input ; Info     ; Stuck at GND                                ;
+------+-------+----------+---------------------------------------------+


+---------------------------------------------------------------------+
; Port Connectivity Checks: "processor:proc|data_path:dp|mux_4:PCmux" ;
+------+-------+----------+-------------------------------------------+
; Port ; Type  ; Severity ; Details                                   ;
+------+-------+----------+-------------------------------------------+
; d3   ; Input ; Info     ; Stuck at GND                              ;
+------+-------+----------+-------------------------------------------+


+---------------------------------------------------------------------+
; Port Connectivity Checks: "processor:proc|data_path:dp|flop_r:Freg" ;
+------+-------+----------+-------------------------------------------+
; Port ; Type  ; Severity ; Details                                   ;
+------+-------+----------+-------------------------------------------+
; en   ; Input ; Info     ; Stuck at VCC                              ;
; clr  ; Input ; Info     ; Stuck at GND                              ;
+------+-------+----------+-------------------------------------------+


+-----------------------------------------------------+
; Post-Synthesis Netlist Statistics for Top Partition ;
+-----------------------+-----------------------------+
; Type                  ; Count                       ;
+-----------------------+-----------------------------+
; arriav_ff             ; 3168                        ;
;     CLR               ; 30                          ;
;     ENA               ; 3072                        ;
;     ENA CLR           ; 2                           ;
;     SCLR              ; 64                          ;
; arriav_lcell_comb     ; 2252                        ;
;     extend            ; 548                         ;
;         7 data inputs ; 548                         ;
;     normal            ; 1704                        ;
;         2 data inputs ; 162                         ;
;         3 data inputs ; 121                         ;
;         4 data inputs ; 112                         ;
;         5 data inputs ; 181                         ;
;         6 data inputs ; 1128                        ;
; boundary_port         ; 4                           ;
;                       ;                             ;
; Max LUT depth         ; 21.00                       ;
; Average LUT depth     ; 7.70                        ;
+-----------------------+-----------------------------+


+-------------------------------+
; Elapsed Time Per Partition    ;
+----------------+--------------+
; Partition Name ; Elapsed Time ;
+----------------+--------------+
; Top            ; 00:00:06     ;
+----------------+--------------+


+-------------------------------+
; Analysis & Synthesis Messages ;
+-------------------------------+
Info: *******************************************************************
Info: Running Quartus Prime Analysis & Synthesis
    Info: Version 18.1.0 Build 625 09/12/2018 SJ Lite Edition
    Info: Processing started: Fri Sep 19 20:45:54 2025
Info: Command: quartus_map --read_settings_files=on --write_settings_files=off top -c top
Warning (18236): Number of processors has not been specified which may cause overloading on shared machines.  Set the global assignment NUM_PARALLEL_PROCESSORS in your QSF to an appropriate value for best performance.
Info (20030): Parallel compilation is enabled and will use 14 of the 14 processors detected
Info (12021): Found 1 design units, including 1 entities, in source file 00_src/xor_nb.sv
    Info (12023): Found entity 1: xor_nb File: C:/RISC-V_Single-cycle_Processor_Quartus/top/00_src/xor_nb.sv Line: 3
Info (12021): Found 1 design units, including 1 entities, in source file 00_src/top.sv
    Info (12023): Found entity 1: top File: C:/RISC-V_Single-cycle_Processor_Quartus/top/00_src/top.sv Line: 3
Info (12021): Found 1 design units, including 1 entities, in source file 00_src/shifter_r_l_nb.sv
    Info (12023): Found entity 1: shifter_r_l_nb File: C:/RISC-V_Single-cycle_Processor_Quartus/top/00_src/shifter_r_l_nb.sv Line: 3
Info (12021): Found 1 design units, including 1 entities, in source file 00_src/shifter_r_a_nb.sv
    Info (12023): Found entity 1: shifter_r_a_nb File: C:/RISC-V_Single-cycle_Processor_Quartus/top/00_src/shifter_r_a_nb.sv Line: 3
Info (12021): Found 1 design units, including 1 entities, in source file 00_src/shifter_l_l_nb.sv
    Info (12023): Found entity 1: shifter_l_l_nb File: C:/RISC-V_Single-cycle_Processor_Quartus/top/00_src/shifter_l_l_nb.sv Line: 3
Info (12021): Found 1 design units, including 1 entities, in source file 00_src/reg_file.sv
    Info (12023): Found entity 1: reg_file File: C:/RISC-V_Single-cycle_Processor_Quartus/top/00_src/reg_file.sv Line: 3
Info (12021): Found 1 design units, including 1 entities, in source file 00_src/processor.sv
    Info (12023): Found entity 1: processor File: C:/RISC-V_Single-cycle_Processor_Quartus/top/00_src/processor.sv Line: 3
Info (12021): Found 1 design units, including 1 entities, in source file 00_src/or_nb.sv
    Info (12023): Found entity 1: or_nb File: C:/RISC-V_Single-cycle_Processor_Quartus/top/00_src/or_nb.sv Line: 3
Info (12021): Found 1 design units, including 1 entities, in source file 00_src/mux_16.sv
    Info (12023): Found entity 1: mux_16 File: C:/RISC-V_Single-cycle_Processor_Quartus/top/00_src/mux_16.sv Line: 3
Info (12021): Found 1 design units, including 1 entities, in source file 00_src/mux_8.sv
    Info (12023): Found entity 1: mux_8 File: C:/RISC-V_Single-cycle_Processor_Quartus/top/00_src/mux_8.sv Line: 3
Info (12021): Found 1 design units, including 1 entities, in source file 00_src/mux_4.sv
    Info (12023): Found entity 1: mux_4 File: C:/RISC-V_Single-cycle_Processor_Quartus/top/00_src/mux_4.sv Line: 3
Info (12021): Found 1 design units, including 1 entities, in source file 00_src/mux_2.sv
    Info (12023): Found entity 1: mux_2 File: C:/RISC-V_Single-cycle_Processor_Quartus/top/00_src/mux_2.sv Line: 3
Info (12021): Found 1 design units, including 1 entities, in source file 00_src/mrwu.sv
    Info (12023): Found entity 1: mrwu File: C:/RISC-V_Single-cycle_Processor_Quartus/top/00_src/mrwu.sv Line: 3
Info (12021): Found 1 design units, including 1 entities, in source file 00_src/main_dec.sv
    Info (12023): Found entity 1: main_dec File: C:/RISC-V_Single-cycle_Processor_Quartus/top/00_src/main_dec.sv Line: 3
Info (12021): Found 1 design units, including 1 entities, in source file 00_src/lsu.sv
    Info (12023): Found entity 1: lsu File: C:/RISC-V_Single-cycle_Processor_Quartus/top/00_src/lsu.sv Line: 1
Info (12021): Found 1 design units, including 1 entities, in source file 00_src/i_mem.sv
    Info (12023): Found entity 1: i_mem File: C:/RISC-V_Single-cycle_Processor_Quartus/top/00_src/i_mem.sv Line: 3
Info (12021): Found 1 design units, including 1 entities, in source file 00_src/hazard_unit.sv
    Info (12023): Found entity 1: hazard_unit File: C:/RISC-V_Single-cycle_Processor_Quartus/top/00_src/hazard_unit.sv Line: 3
Info (12021): Found 1 design units, including 1 entities, in source file 00_src/flop_r.sv
    Info (12023): Found entity 1: flop_r File: C:/RISC-V_Single-cycle_Processor_Quartus/top/00_src/flop_r.sv Line: 3
Info (12021): Found 1 design units, including 1 entities, in source file 00_src/extender.sv
    Info (12023): Found entity 1: extender File: C:/RISC-V_Single-cycle_Processor_Quartus/top/00_src/extender.sv Line: 1
Info (12021): Found 1 design units, including 1 entities, in source file 00_src/eu.sv
    Info (12023): Found entity 1: eu File: C:/RISC-V_Single-cycle_Processor_Quartus/top/00_src/eu.sv Line: 1
Info (12021): Found 1 design units, including 1 entities, in source file 00_src/data_path.sv
    Info (12023): Found entity 1: data_path File: C:/RISC-V_Single-cycle_Processor_Quartus/top/00_src/data_path.sv Line: 3
Info (12021): Found 1 design units, including 1 entities, in source file 00_src/d_mem.sv
    Info (12023): Found entity 1: d_mem File: C:/RISC-V_Single-cycle_Processor_Quartus/top/00_src/d_mem.sv Line: 3
Info (12021): Found 1 design units, including 1 entities, in source file 00_src/controller.sv
    Info (12023): Found entity 1: controller File: C:/RISC-V_Single-cycle_Processor_Quartus/top/00_src/controller.sv Line: 3
Info (12021): Found 1 design units, including 1 entities, in source file 00_src/bru.sv
    Info (12023): Found entity 1: bru File: C:/RISC-V_Single-cycle_Processor_Quartus/top/00_src/bru.sv Line: 1
Info (12021): Found 1 design units, including 1 entities, in source file 00_src/and_nb.sv
    Info (12023): Found entity 1: and_nb File: C:/RISC-V_Single-cycle_Processor_Quartus/top/00_src/and_nb.sv Line: 3
Info (12021): Found 1 design units, including 1 entities, in source file 00_src/alu_dec.sv
    Info (12023): Found entity 1: alu_dec File: C:/RISC-V_Single-cycle_Processor_Quartus/top/00_src/alu_dec.sv Line: 3
Info (12021): Found 1 design units, including 1 entities, in source file 00_src/alu.sv
    Info (12023): Found entity 1: alu File: C:/RISC-V_Single-cycle_Processor_Quartus/top/00_src/alu.sv Line: 3
Info (12021): Found 1 design units, including 1 entities, in source file 00_src/adder_nb.sv
    Info (12023): Found entity 1: adder_nb File: C:/RISC-V_Single-cycle_Processor_Quartus/top/00_src/adder_nb.sv Line: 3
Info (12021): Found 1 design units, including 1 entities, in source file 00_src/adder_1b.sv
    Info (12023): Found entity 1: adder_1b File: C:/RISC-V_Single-cycle_Processor_Quartus/top/00_src/adder_1b.sv Line: 3
Info (12127): Elaborating entity "top" for the top level hierarchy
Info (12128): Elaborating entity "processor" for hierarchy "processor:proc" File: C:/RISC-V_Single-cycle_Processor_Quartus/top/00_src/top.sv Line: 36
Info (12128): Elaborating entity "controller" for hierarchy "processor:proc|controller:ctrl" File: C:/RISC-V_Single-cycle_Processor_Quartus/top/00_src/processor.sv Line: 65
Info (12128): Elaborating entity "main_dec" for hierarchy "processor:proc|controller:ctrl|main_dec:md" File: C:/RISC-V_Single-cycle_Processor_Quartus/top/00_src/controller.sv Line: 38
Info (12128): Elaborating entity "alu_dec" for hierarchy "processor:proc|controller:ctrl|alu_dec:ad" File: C:/RISC-V_Single-cycle_Processor_Quartus/top/00_src/controller.sv Line: 48
Info (12128): Elaborating entity "bru" for hierarchy "processor:proc|controller:ctrl|bru:bru" File: C:/RISC-V_Single-cycle_Processor_Quartus/top/00_src/controller.sv Line: 59
Info (12128): Elaborating entity "lsu" for hierarchy "processor:proc|controller:ctrl|lsu:lsu" File: C:/RISC-V_Single-cycle_Processor_Quartus/top/00_src/controller.sv Line: 65
Info (12128): Elaborating entity "eu" for hierarchy "processor:proc|controller:ctrl|eu:eu" File: C:/RISC-V_Single-cycle_Processor_Quartus/top/00_src/controller.sv Line: 74
Info (12128): Elaborating entity "data_path" for hierarchy "processor:proc|data_path:dp" File: C:/RISC-V_Single-cycle_Processor_Quartus/top/00_src/processor.sv Line: 97
Info (12128): Elaborating entity "flop_r" for hierarchy "processor:proc|data_path:dp|flop_r:Freg" File: C:/RISC-V_Single-cycle_Processor_Quartus/top/00_src/data_path.sv Line: 64
Info (12128): Elaborating entity "mux_4" for hierarchy "processor:proc|data_path:dp|mux_4:PCmux" File: C:/RISC-V_Single-cycle_Processor_Quartus/top/00_src/data_path.sv Line: 75
Info (12128): Elaborating entity "mux_2" for hierarchy "processor:proc|data_path:dp|mux_2:srcBmux" File: C:/RISC-V_Single-cycle_Processor_Quartus/top/00_src/data_path.sv Line: 83
Info (12128): Elaborating entity "mrwu" for hierarchy "processor:proc|data_path:dp|mrwu:mrwu" File: C:/RISC-V_Single-cycle_Processor_Quartus/top/00_src/data_path.sv Line: 103
Info (10264): Verilog HDL Case Statement information at mrwu.sv(12): all case item expressions in this case statement are onehot File: C:/RISC-V_Single-cycle_Processor_Quartus/top/00_src/mrwu.sv Line: 12
Info (12128): Elaborating entity "adder_nb" for hierarchy "processor:proc|data_path:dp|adder_nb:PCplus4" File: C:/RISC-V_Single-cycle_Processor_Quartus/top/00_src/data_path.sv Line: 115
Info (12128): Elaborating entity "adder_1b" for hierarchy "processor:proc|data_path:dp|adder_nb:PCplus4|adder_1b:a1" File: C:/RISC-V_Single-cycle_Processor_Quartus/top/00_src/adder_nb.sv Line: 14
Info (12128): Elaborating entity "alu" for hierarchy "processor:proc|data_path:dp|alu:ALU" File: C:/RISC-V_Single-cycle_Processor_Quartus/top/00_src/data_path.sv Line: 136
Info (12128): Elaborating entity "and_nb" for hierarchy "processor:proc|data_path:dp|alu:ALU|and_nb:and1" File: C:/RISC-V_Single-cycle_Processor_Quartus/top/00_src/alu.sv Line: 66
Info (12128): Elaborating entity "or_nb" for hierarchy "processor:proc|data_path:dp|alu:ALU|or_nb:or1" File: C:/RISC-V_Single-cycle_Processor_Quartus/top/00_src/alu.sv Line: 73
Info (12128): Elaborating entity "xor_nb" for hierarchy "processor:proc|data_path:dp|alu:ALU|xor_nb:xor1" File: C:/RISC-V_Single-cycle_Processor_Quartus/top/00_src/alu.sv Line: 80
Info (12128): Elaborating entity "shifter_l_l_nb" for hierarchy "processor:proc|data_path:dp|alu:ALU|shifter_l_l_nb:sll1" File: C:/RISC-V_Single-cycle_Processor_Quartus/top/00_src/alu.sv Line: 88
Info (12128): Elaborating entity "shifter_r_l_nb" for hierarchy "processor:proc|data_path:dp|alu:ALU|shifter_r_l_nb:srl1" File: C:/RISC-V_Single-cycle_Processor_Quartus/top/00_src/alu.sv Line: 95
Info (12128): Elaborating entity "shifter_r_a_nb" for hierarchy "processor:proc|data_path:dp|alu:ALU|shifter_r_a_nb:sra1" File: C:/RISC-V_Single-cycle_Processor_Quartus/top/00_src/alu.sv Line: 102
Info (12128): Elaborating entity "mux_16" for hierarchy "processor:proc|data_path:dp|alu:ALU|mux_16:mux2" File: C:/RISC-V_Single-cycle_Processor_Quartus/top/00_src/alu.sv Line: 125
Info (12128): Elaborating entity "extender" for hierarchy "processor:proc|data_path:dp|extender:ext" File: C:/RISC-V_Single-cycle_Processor_Quartus/top/00_src/data_path.sv Line: 144
Info (12128): Elaborating entity "reg_file" for hierarchy "processor:proc|data_path:dp|reg_file:rf" File: C:/RISC-V_Single-cycle_Processor_Quartus/top/00_src/data_path.sv Line: 158
Info (12128): Elaborating entity "d_mem" for hierarchy "d_mem:dm" File: C:/RISC-V_Single-cycle_Processor_Quartus/top/00_src/top.sv Line: 45
Info (12128): Elaborating entity "i_mem" for hierarchy "i_mem:im" File: C:/RISC-V_Single-cycle_Processor_Quartus/top/00_src/top.sv Line: 51
Warning (10030): Net "IMEM[255..157]" at i_mem.sv(9) has no driver or initial value, using a default initial value '0' File: C:/RISC-V_Single-cycle_Processor_Quartus/top/00_src/i_mem.sv Line: 9
Info (276014): Found 2 instances of uninferred RAM logic
    Info (276007): RAM logic "d_mem:dm|RAM" is uninferred due to asynchronous read logic File: C:/RISC-V_Single-cycle_Processor_Quartus/top/00_src/d_mem.sv Line: 10
    Info (276007): RAM logic "processor:proc|data_path:dp|reg_file:rf|REGFILE" is uninferred due to asynchronous read logic File: C:/RISC-V_Single-cycle_Processor_Quartus/top/00_src/reg_file.sv Line: 17
Info (286030): Timing-Driven Synthesis is running
Info (144001): Generated suppressed messages file C:/RISC-V_Single-cycle_Processor_Quartus/top/output_files/top.map.smsg
Info (16010): Generating hard_block partition "hard_block:auto_generated_inst"
    Info (16011): Adding 0 node(s), including 0 DDIO, 0 PLL, 0 transceiver and 0 LCELL
Info (21057): Implemented 5328 device resources after synthesis - the final resource count might be different
    Info (21058): Implemented 2 input pins
    Info (21059): Implemented 2 output pins
    Info (21061): Implemented 5324 logic cells
Info: Quartus Prime Analysis & Synthesis was successful. 0 errors, 2 warnings
    Info: Peak virtual memory: 4932 megabytes
    Info: Processing ended: Fri Sep 19 20:46:08 2025
    Info: Elapsed time: 00:00:14
    Info: Total CPU time (on all processors): 00:00:21


+------------------------------------------+
; Analysis & Synthesis Suppressed Messages ;
+------------------------------------------+
The suppressed messages can be found in C:/RISC-V_Single-cycle_Processor_Quartus/top/output_files/top.map.smsg.


